<?xml version="1.0" encoding="UTF-8"?>
<testng-results ignored="0" total="1" passed="1" failed="0" skipped="0">
  <reporter-output>
  </reporter-output>
  <suite started-at="2022-10-10T18:30:03 IST" name="Default suite" finished-at="2022-10-10T18:30:11 IST" duration-ms="8712">
    <groups>
    </groups>
    <test started-at="2022-10-10T18:30:03 IST" name="Default test" finished-at="2022-10-10T18:30:11 IST" duration-ms="8712">
      <class name="com.issuewire.qa.tests.login_Test">
        <test-method is-config="true" signature="setup()[pri:0, instance:com.issuewire.qa.tests.login_Test@5d534f5d]" started-at="2022-10-10T18:30:03 IST" name="setup" finished-at="2022-10-10T18:30:11 IST" duration-ms="8594" status="PASS">
          <reporter-output>
          </reporter-output>
        </test-method> <!-- setup -->
        <test-method signature="validateLoginPageTitle()[pri:0, instance:com.issuewire.qa.tests.login_Test@5d534f5d]" started-at="2022-10-10T18:30:11 IST" name="validateLoginPageTitle" finished-at="2022-10-10T18:30:11 IST" duration-ms="19" status="PASS">
          <reporter-output>
          </reporter-output>
        </test-method> <!-- validateLoginPageTitle -->
      </class> <!-- com.issuewire.qa.tests.login_Test -->
    </test> <!-- Default test -->
  </suite> <!-- Default suite -->
</testng-results>
