<?xml version="1.0" encoding="UTF-8"?>
<testng-results ignored="0" total="1" passed="1" failed="0" skipped="0">
  <reporter-output>
  </reporter-output>
  <suite started-at="2022-10-10T15:58:39 IST" name="Default suite" finished-at="2022-10-10T15:59:05 IST" duration-ms="25975">
    <groups>
    </groups>
    <test started-at="2022-10-10T15:58:39 IST" name="Default test" finished-at="2022-10-10T15:59:05 IST" duration-ms="25975">
      <class name="com.issuewire.qa.tests.LoginPageTest">
        <test-method is-config="true" signature="setUp()[pri:0, instance:com.issuewire.qa.tests.LoginPageTest@5d534f5d]" started-at="2022-10-10T15:58:40 IST" name="setUp" finished-at="2022-10-10T15:59:05 IST" duration-ms="25218" status="PASS">
          <reporter-output>
          </reporter-output>
        </test-method> <!-- setUp -->
        <test-method signature="login()[pri:0, instance:com.issuewire.qa.tests.LoginPageTest@5d534f5d]" started-at="2022-10-10T15:59:05 IST" name="login" finished-at="2022-10-10T15:59:05 IST" duration-ms="668" status="PASS">
          <reporter-output>
          </reporter-output>
        </test-method> <!-- login -->
      </class> <!-- com.issuewire.qa.tests.LoginPageTest -->
    </test> <!-- Default test -->
  </suite> <!-- Default suite -->
</testng-results>
